[20:16:58] [Server thread/INFO]: Starting minecraft server version 1.9.2
[20:16:58] [Server thread/WARN]: To start the server with more ram, launch it as "java -Xmx1024M -Xms1024M -jar minecraft_server.jar"
[20:16:58] [Server thread/INFO]: Loading properties
[20:16:58] [Server thread/INFO]: Default game type: SURVIVAL
[20:16:58] [Server thread/INFO]: Generating keypair
[20:17:01] [Server thread/INFO]: Starting Minecraft server on *:25565
[20:17:02] [Server thread/INFO]: Using default channel type
[20:17:03] [Server thread/WARN]: Failed to load user banlist: 
java.io.FileNotFoundException: banned-players.json (No such file or directory)
	at java.io.FileInputStream.open0(Native Method) ~[?:1.8.0_65]
	at java.io.FileInputStream.open(FileInputStream.java:195) ~[?:1.8.0_65]
	at java.io.FileInputStream.<init>(FileInputStream.java:138) ~[?:1.8.0_65]
	at com.google.common.io.Files.newReader(Files.java:86) ~[minecraft_server.1.9.2.jar:?]
	at mq.g(SourceFile:136) ~[minecraft_server.1.9.2.jar:?]
	at kz.z(SourceFile:99) [minecraft_server.1.9.2.jar:?]
	at kz.<init>(SourceFile:25) [minecraft_server.1.9.2.jar:?]
	at la.j(SourceFile:183) [minecraft_server.1.9.2.jar:?]
	at net.minecraft.server.MinecraftServer.run(SourceFile:427) [minecraft_server.1.9.2.jar:?]
	at java.lang.Thread.run(Thread.java:745) [?:1.8.0_65]
[20:17:03] [Server thread/WARN]: Failed to load ip banlist: 
java.io.FileNotFoundException: banned-ips.json (No such file or directory)
	at java.io.FileInputStream.open0(Native Method) ~[?:1.8.0_65]
	at java.io.FileInputStream.open(FileInputStream.java:195) ~[?:1.8.0_65]
	at java.io.FileInputStream.<init>(FileInputStream.java:138) ~[?:1.8.0_65]
	at com.google.common.io.Files.newReader(Files.java:86) ~[minecraft_server.1.9.2.jar:?]
	at mq.g(SourceFile:136) ~[minecraft_server.1.9.2.jar:?]
	at kz.y(SourceFile:91) [minecraft_server.1.9.2.jar:?]
	at kz.<init>(SourceFile:27) [minecraft_server.1.9.2.jar:?]
	at la.j(SourceFile:183) [minecraft_server.1.9.2.jar:?]
	at net.minecraft.server.MinecraftServer.run(SourceFile:427) [minecraft_server.1.9.2.jar:?]
	at java.lang.Thread.run(Thread.java:745) [?:1.8.0_65]
[20:17:03] [Server thread/WARN]: Failed to load operators list: 
java.io.FileNotFoundException: ops.json (No such file or directory)
	at java.io.FileInputStream.open0(Native Method) ~[?:1.8.0_65]
	at java.io.FileInputStream.open(FileInputStream.java:195) ~[?:1.8.0_65]
	at java.io.FileInputStream.<init>(FileInputStream.java:138) ~[?:1.8.0_65]
	at com.google.common.io.Files.newReader(Files.java:86) ~[minecraft_server.1.9.2.jar:?]
	at mq.g(SourceFile:136) ~[minecraft_server.1.9.2.jar:?]
	at kz.A(SourceFile:107) [minecraft_server.1.9.2.jar:?]
	at kz.<init>(SourceFile:29) [minecraft_server.1.9.2.jar:?]
	at la.j(SourceFile:183) [minecraft_server.1.9.2.jar:?]
	at net.minecraft.server.MinecraftServer.run(SourceFile:427) [minecraft_server.1.9.2.jar:?]
	at java.lang.Thread.run(Thread.java:745) [?:1.8.0_65]
[20:17:03] [Server thread/WARN]: Failed to load white-list: 
java.io.FileNotFoundException: whitelist.json (No such file or directory)
	at java.io.FileInputStream.open0(Native Method) ~[?:1.8.0_65]
	at java.io.FileInputStream.open(FileInputStream.java:195) ~[?:1.8.0_65]
	at java.io.FileInputStream.<init>(FileInputStream.java:138) ~[?:1.8.0_65]
	at com.google.common.io.Files.newReader(Files.java:86) ~[minecraft_server.1.9.2.jar:?]
	at mq.g(SourceFile:136) ~[minecraft_server.1.9.2.jar:?]
	at kz.C(SourceFile:123) [minecraft_server.1.9.2.jar:?]
	at kz.<init>(SourceFile:30) [minecraft_server.1.9.2.jar:?]
	at la.j(SourceFile:183) [minecraft_server.1.9.2.jar:?]
	at net.minecraft.server.MinecraftServer.run(SourceFile:427) [minecraft_server.1.9.2.jar:?]
	at java.lang.Thread.run(Thread.java:745) [?:1.8.0_65]
[20:17:03] [Server thread/INFO]: Preparing level "world"
[20:17:17] [Server thread/INFO]: Preparing start region for level 0
[20:17:18] [Server thread/INFO]: Preparing spawn area: 0%
[20:17:19] [Server thread/INFO]: Preparing spawn area: 0%
[20:17:20] [Server thread/INFO]: Preparing spawn area: 1%
[20:17:21] [Server thread/INFO]: Preparing spawn area: 2%
[20:17:22] [Server thread/INFO]: Preparing spawn area: 2%
[20:17:24] [Server thread/INFO]: Preparing spawn area: 3%
[20:17:25] [Server thread/INFO]: Preparing spawn area: 4%
[20:17:26] [Server thread/INFO]: Preparing spawn area: 4%
[20:17:28] [Server thread/INFO]: Preparing spawn area: 4%
[20:17:29] [Server thread/INFO]: Preparing spawn area: 5%
[20:17:31] [Server thread/INFO]: Preparing spawn area: 5%
[20:17:32] [Server thread/INFO]: Preparing spawn area: 5%
[20:17:34] [Server thread/INFO]: Preparing spawn area: 6%
[20:17:35] [Server thread/INFO]: Preparing spawn area: 7%
[20:17:36] [Server thread/INFO]: Preparing spawn area: 7%
[20:17:38] [Server thread/INFO]: Preparing spawn area: 7%
[20:17:39] [Server thread/INFO]: Preparing spawn area: 8%
[20:17:40] [Server thread/INFO]: Preparing spawn area: 8%
[20:17:41] [Server thread/INFO]: Preparing spawn area: 8%
[20:17:42] [Server thread/INFO]: Preparing spawn area: 8%
[20:17:45] [Server thread/INFO]: Preparing spawn area: 8%
[20:17:47] [Server thread/INFO]: Preparing spawn area: 9%
[20:17:48] [Server thread/INFO]: Preparing spawn area: 9%
[20:17:49] [Server thread/INFO]: Preparing spawn area: 9%
[20:17:50] [Server thread/INFO]: Preparing spawn area: 10%
[20:17:51] [Server thread/INFO]: Preparing spawn area: 10%
[20:17:52] [Server thread/INFO]: Preparing spawn area: 10%
[20:17:53] [Server thread/INFO]: Preparing spawn area: 11%
[20:17:55] [Server thread/INFO]: Preparing spawn area: 11%
[20:17:56] [Server thread/INFO]: Preparing spawn area: 11%
[20:17:58] [Server thread/INFO]: Preparing spawn area: 12%
[20:17:59] [Server thread/INFO]: Preparing spawn area: 12%
[20:18:09] [Server thread/INFO]: Preparing spawn area: 12%
[20:18:11] [Server thread/INFO]: Preparing spawn area: 13%
[20:18:12] [Server thread/INFO]: Preparing spawn area: 13%
[20:18:14] [Server thread/INFO]: Preparing spawn area: 13%
[20:18:15] [Server thread/INFO]: Preparing spawn area: 13%
[20:18:17] [Server thread/INFO]: Preparing spawn area: 14%
[20:18:18] [Server thread/INFO]: Preparing spawn area: 14%
[20:18:20] [Server thread/INFO]: Preparing spawn area: 14%
[20:18:21] [Server thread/INFO]: Preparing spawn area: 14%
[20:18:22] [Server thread/INFO]: Preparing spawn area: 15%
[20:18:24] [Server thread/INFO]: Preparing spawn area: 15%
[20:18:25] [Server thread/INFO]: Preparing spawn area: 15%
[20:18:26] [Server thread/INFO]: Preparing spawn area: 16%
[20:18:28] [Server thread/INFO]: Preparing spawn area: 16%
[20:18:29] [Server thread/INFO]: Preparing spawn area: 16%
[20:18:31] [Server thread/INFO]: Preparing spawn area: 16%
[20:18:32] [Server thread/INFO]: Preparing spawn area: 17%
[20:18:36] [Server thread/INFO]: Preparing spawn area: 17%
[20:18:38] [Server thread/INFO]: Preparing spawn area: 17%
[20:18:39] [Server thread/INFO]: Preparing spawn area: 18%
[20:18:41] [Server thread/INFO]: Preparing spawn area: 18%
[20:18:42] [Server thread/INFO]: Preparing spawn area: 19%
[20:18:43] [Server thread/INFO]: Preparing spawn area: 19%
[20:18:45] [Server thread/INFO]: Preparing spawn area: 19%
[20:18:46] [Server thread/INFO]: Preparing spawn area: 20%
[20:18:49] [Server thread/INFO]: Preparing spawn area: 20%
[20:18:50] [Server thread/INFO]: Preparing spawn area: 20%
[20:18:52] [Server thread/INFO]: Preparing spawn area: 20%
[20:18:54] [Server thread/INFO]: Preparing spawn area: 20%
[20:18:56] [Server thread/INFO]: Preparing spawn area: 21%
[20:18:57] [Server thread/INFO]: Preparing spawn area: 21%
[20:18:58] [Server thread/INFO]: Preparing spawn area: 21%
[20:19:01] [Server thread/INFO]: Preparing spawn area: 21%
[20:19:02] [Server thread/INFO]: Preparing spawn area: 21%
[20:19:04] [Server thread/INFO]: Preparing spawn area: 22%
[20:19:05] [Server thread/INFO]: Preparing spawn area: 22%
[20:19:07] [Server thread/INFO]: Preparing spawn area: 22%
[20:19:09] [Server thread/INFO]: Preparing spawn area: 22%
[20:19:11] [Server thread/INFO]: Preparing spawn area: 23%
[20:19:13] [Server thread/INFO]: Preparing spawn area: 23%
[20:19:14] [Server thread/INFO]: Preparing spawn area: 23%
[20:19:16] [Server thread/INFO]: Preparing spawn area: 24%
[20:19:17] [Server thread/INFO]: Preparing spawn area: 24%
[20:19:21] [Server thread/INFO]: Preparing spawn area: 24%
[20:19:23] [Server thread/INFO]: Preparing spawn area: 24%
[20:19:25] [Server thread/INFO]: Preparing spawn area: 25%
[20:19:28] [Server thread/INFO]: Preparing spawn area: 25%
[20:19:32] [Server thread/INFO]: Preparing spawn area: 25%
[20:19:34] [Server thread/INFO]: Preparing spawn area: 25%
[20:19:37] [Server thread/INFO]: Preparing spawn area: 25%
[20:19:38] [Server thread/INFO]: Preparing spawn area: 25%
[20:19:40] [Server thread/INFO]: Preparing spawn area: 26%
[20:19:42] [Server thread/INFO]: Preparing spawn area: 26%
[20:19:43] [Server thread/INFO]: Preparing spawn area: 26%
[20:19:45] [Server thread/INFO]: Preparing spawn area: 26%
[20:19:46] [Server thread/INFO]: Preparing spawn area: 26%
[20:19:49] [Server thread/INFO]: Preparing spawn area: 26%
[20:19:55] [Server thread/INFO]: Preparing spawn area: 27%
[20:20:00] [Server thread/INFO]: Preparing spawn area: 27%
[20:20:01] [Server thread/INFO]: Preparing spawn area: 27%
[20:20:03] [Server thread/INFO]: Preparing spawn area: 27%
[20:20:05] [Server thread/INFO]: Preparing spawn area: 28%
[20:20:07] [Server thread/INFO]: Preparing spawn area: 28%
[20:20:08] [Server thread/INFO]: Preparing spawn area: 28%
[20:20:14] [Server thread/INFO]: Preparing spawn area: 28%
[20:20:16] [Server thread/INFO]: Preparing spawn area: 28%
[20:20:19] [Server thread/INFO]: Preparing spawn area: 28%
[20:20:21] [Server thread/INFO]: Preparing spawn area: 29%
[20:20:22] [Server thread/INFO]: Preparing spawn area: 29%
[20:20:25] [Server thread/INFO]: Preparing spawn area: 29%
[20:20:28] [Server thread/INFO]: Preparing spawn area: 29%
[20:20:32] [Server thread/INFO]: Preparing spawn area: 29%
[20:20:33] [Server thread/INFO]: Preparing spawn area: 29%
[20:20:37] [Server thread/INFO]: Preparing spawn area: 30%
[20:20:39] [Server thread/INFO]: Preparing spawn area: 30%
[20:20:40] [Server thread/INFO]: Preparing spawn area: 30%
[20:20:41] [Server thread/INFO]: Preparing spawn area: 30%
[20:20:42] [Server thread/INFO]: Preparing spawn area: 30%
[20:20:44] [Server thread/INFO]: Preparing spawn area: 30%
[20:20:45] [Server thread/INFO]: Preparing spawn area: 31%
[20:20:46] [Server thread/INFO]: Preparing spawn area: 31%
[20:20:48] [Server thread/INFO]: Preparing spawn area: 31%
[20:20:49] [Server thread/INFO]: Preparing spawn area: 31%
[20:20:50] [Server thread/INFO]: Preparing spawn area: 31%
[20:20:52] [Server thread/INFO]: Preparing spawn area: 31%
[20:20:53] [Server thread/INFO]: Preparing spawn area: 32%
[20:20:55] [Server thread/INFO]: Preparing spawn area: 32%
[20:20:57] [Server thread/INFO]: Preparing spawn area: 32%
[20:20:59] [Server thread/INFO]: Preparing spawn area: 32%
[20:21:01] [Server thread/INFO]: Preparing spawn area: 32%
[20:21:03] [Server thread/INFO]: Preparing spawn area: 32%
[20:21:06] [Server thread/INFO]: Preparing spawn area: 33%
[20:21:08] [Server thread/INFO]: Preparing spawn area: 33%
[20:21:10] [Server thread/INFO]: Preparing spawn area: 33%
[20:21:12] [Server thread/INFO]: Preparing spawn area: 33%
[20:21:15] [Server thread/INFO]: Preparing spawn area: 33%
[20:21:17] [Server thread/INFO]: Preparing spawn area: 33%
[20:21:19] [Server thread/INFO]: Preparing spawn area: 34%
[20:21:21] [Server thread/INFO]: Preparing spawn area: 34%
[20:21:22] [Server thread/INFO]: Preparing spawn area: 34%
[20:21:23] [Server thread/INFO]: Preparing spawn area: 34%
[20:21:26] [Server thread/INFO]: Preparing spawn area: 34%
[20:21:27] [Server thread/INFO]: Preparing spawn area: 34%
[20:21:28] [Server thread/INFO]: Preparing spawn area: 35%
[20:21:29] [Server thread/INFO]: Preparing spawn area: 35%
[20:21:31] [Server thread/INFO]: Preparing spawn area: 35%
[20:21:32] [Server thread/INFO]: Preparing spawn area: 35%
[20:21:33] [Server thread/INFO]: Preparing spawn area: 35%
[20:21:34] [Server thread/INFO]: Preparing spawn area: 35%
[20:21:35] [Server thread/INFO]: Preparing spawn area: 36%
[20:21:37] [Server thread/INFO]: Preparing spawn area: 36%
[20:21:41] [Server thread/INFO]: Preparing spawn area: 36%
[20:21:44] [Server thread/INFO]: Preparing spawn area: 36%
[20:21:47] [Server thread/INFO]: Preparing spawn area: 37%
[20:21:50] [Server thread/INFO]: Preparing spawn area: 37%
[20:21:54] [Server thread/INFO]: Preparing spawn area: 37%
[20:22:03] [Server thread/INFO]: Preparing spawn area: 37%
[20:22:05] [Server thread/INFO]: Preparing spawn area: 37%
[20:22:07] [Server thread/INFO]: Preparing spawn area: 37%
[20:22:09] [Server thread/INFO]: Preparing spawn area: 38%
[20:22:11] [Server thread/INFO]: Preparing spawn area: 38%
[20:22:13] [Server thread/INFO]: Preparing spawn area: 38%
[20:22:16] [Server thread/INFO]: Preparing spawn area: 39%
[20:22:18] [Server thread/INFO]: Preparing spawn area: 39%
[20:22:19] [Server thread/INFO]: Preparing spawn area: 39%
[20:22:21] [Server thread/INFO]: Preparing spawn area: 39%
[20:22:23] [Server thread/INFO]: Preparing spawn area: 39%
[20:22:25] [Server thread/INFO]: Preparing spawn area: 39%
[20:22:27] [Server thread/INFO]: Preparing spawn area: 40%
[20:22:29] [Server thread/INFO]: Preparing spawn area: 40%
[20:22:31] [Server thread/INFO]: Preparing spawn area: 40%
[20:22:33] [Server thread/INFO]: Preparing spawn area: 40%
[20:22:36] [Server thread/INFO]: Preparing spawn area: 40%
[20:22:39] [Server thread/INFO]: Preparing spawn area: 41%
[20:22:42] [Server thread/INFO]: Preparing spawn area: 41%
[20:22:45] [Server thread/INFO]: Preparing spawn area: 41%
[20:22:49] [Server thread/INFO]: Preparing spawn area: 41%
[20:22:54] [Server thread/INFO]: Preparing spawn area: 42%
[20:22:56] [Server thread/INFO]: Preparing spawn area: 42%
[20:22:58] [Server thread/INFO]: Preparing spawn area: 42%
[20:23:05] [Server thread/INFO]: Preparing spawn area: 42%
[20:23:09] [Server thread/INFO]: Preparing spawn area: 42%
[20:23:13] [Server thread/INFO]: Preparing spawn area: 43%
[20:23:14] [Server thread/INFO]: Preparing spawn area: 43%
[20:23:15] [Server thread/INFO]: Preparing spawn area: 43%
[20:23:17] [Server thread/INFO]: Preparing spawn area: 44%
[20:23:19] [Server thread/INFO]: Preparing spawn area: 44%
[20:23:20] [Server thread/INFO]: Preparing spawn area: 44%
[20:23:22] [Server thread/INFO]: Preparing spawn area: 45%
[20:23:23] [Server thread/INFO]: Preparing spawn area: 45%
[20:23:25] [Server thread/INFO]: Preparing spawn area: 46%
[20:23:26] [Server thread/INFO]: Preparing spawn area: 46%
[20:23:27] [Server thread/INFO]: Preparing spawn area: 47%
[20:23:29] [Server thread/INFO]: Preparing spawn area: 47%
[20:23:30] [Server thread/INFO]: Preparing spawn area: 48%
[20:23:31] [Server thread/INFO]: Preparing spawn area: 48%
[20:23:32] [Server thread/INFO]: Preparing spawn area: 48%
[20:23:37] [Server thread/INFO]: Preparing spawn area: 48%
[20:23:38] [Server thread/INFO]: Preparing spawn area: 49%
[20:23:40] [Server thread/INFO]: Preparing spawn area: 49%
[20:23:41] [Server thread/INFO]: Preparing spawn area: 50%
[20:23:42] [Server thread/INFO]: Preparing spawn area: 51%
[20:23:43] [Server thread/INFO]: Preparing spawn area: 51%
[20:23:44] [Server thread/INFO]: Preparing spawn area: 52%
[20:23:45] [Server thread/INFO]: Preparing spawn area: 52%
[20:23:47] [Server thread/INFO]: Preparing spawn area: 53%
[20:23:48] [Server thread/INFO]: Preparing spawn area: 53%
[20:23:49] [Server thread/INFO]: Preparing spawn area: 54%
[20:23:50] [Server thread/INFO]: Preparing spawn area: 54%
[20:23:51] [Server thread/INFO]: Preparing spawn area: 55%
[20:23:52] [Server thread/INFO]: Preparing spawn area: 55%
[20:23:53] [Server thread/INFO]: Preparing spawn area: 56%
[20:23:54] [Server thread/INFO]: Preparing spawn area: 56%
[20:23:55] [Server thread/INFO]: Preparing spawn area: 57%
[20:23:56] [Server thread/INFO]: Preparing spawn area: 57%
[20:23:57] [Server thread/INFO]: Preparing spawn area: 58%
[20:23:59] [Server thread/INFO]: Preparing spawn area: 58%
[20:24:00] [Server thread/INFO]: Preparing spawn area: 59%
[20:24:02] [Server thread/INFO]: Preparing spawn area: 60%
[20:24:03] [Server thread/INFO]: Preparing spawn area: 60%
[20:24:04] [Server thread/INFO]: Preparing spawn area: 61%
[20:24:05] [Server thread/INFO]: Preparing spawn area: 61%
[20:24:06] [Server thread/INFO]: Preparing spawn area: 62%
[20:24:08] [Server thread/INFO]: Preparing spawn area: 62%
[20:24:09] [Server thread/INFO]: Preparing spawn area: 63%
[20:24:10] [Server thread/INFO]: Preparing spawn area: 63%
[20:24:11] [Server thread/INFO]: Preparing spawn area: 64%
[20:24:12] [Server thread/INFO]: Preparing spawn area: 64%
[20:24:13] [Server thread/INFO]: Preparing spawn area: 64%
[20:24:14] [Server thread/INFO]: Preparing spawn area: 65%
[20:24:15] [Server thread/INFO]: Preparing spawn area: 65%
[20:24:16] [Server thread/INFO]: Preparing spawn area: 66%
[20:24:18] [Server thread/INFO]: Preparing spawn area: 66%
[20:24:20] [Server thread/INFO]: Preparing spawn area: 67%
[20:24:21] [Server thread/INFO]: Preparing spawn area: 67%
[20:24:22] [Server thread/INFO]: Preparing spawn area: 68%
[20:24:23] [Server thread/INFO]: Preparing spawn area: 68%
[20:24:24] [Server thread/INFO]: Preparing spawn area: 69%
[20:24:25] [Server thread/INFO]: Preparing spawn area: 69%
[20:24:26] [Server thread/INFO]: Preparing spawn area: 70%
[20:24:28] [Server thread/INFO]: Preparing spawn area: 70%
[20:24:29] [Server thread/INFO]: Preparing spawn area: 71%
[20:24:30] [Server thread/INFO]: Preparing spawn area: 71%
[20:24:31] [Server thread/INFO]: Preparing spawn area: 71%
[20:24:32] [Server thread/INFO]: Preparing spawn area: 72%
[20:24:33] [Server thread/INFO]: Preparing spawn area: 72%
[20:24:34] [Server thread/INFO]: Preparing spawn area: 73%
[20:24:36] [Server thread/INFO]: Preparing spawn area: 73%
[20:24:37] [Server thread/INFO]: Preparing spawn area: 74%
[20:24:38] [Server thread/INFO]: Preparing spawn area: 74%
[20:24:39] [Server thread/INFO]: Preparing spawn area: 74%
[20:24:40] [Server thread/INFO]: Preparing spawn area: 75%
[20:24:41] [Server thread/INFO]: Preparing spawn area: 75%
[20:24:43] [Server thread/INFO]: Preparing spawn area: 76%
[20:24:44] [Server thread/INFO]: Preparing spawn area: 76%
[20:24:45] [Server thread/INFO]: Preparing spawn area: 76%
[20:24:46] [Server thread/INFO]: Preparing spawn area: 77%
[20:24:47] [Server thread/INFO]: Preparing spawn area: 77%
[20:24:49] [Server thread/INFO]: Preparing spawn area: 78%
[20:24:50] [Server thread/INFO]: Preparing spawn area: 78%
[20:24:51] [Server thread/INFO]: Preparing spawn area: 79%
[20:24:52] [Server thread/INFO]: Preparing spawn area: 79%
[20:24:53] [Server thread/INFO]: Preparing spawn area: 79%
[20:24:54] [Server thread/INFO]: Preparing spawn area: 80%
[20:24:55] [Server thread/INFO]: Preparing spawn area: 80%
[20:24:57] [Server thread/INFO]: Preparing spawn area: 81%
[20:24:58] [Server thread/INFO]: Preparing spawn area: 81%
[20:24:59] [Server thread/INFO]: Preparing spawn area: 82%
[20:25:00] [Server thread/INFO]: Preparing spawn area: 82%
[20:25:01] [Server thread/INFO]: Preparing spawn area: 83%
[20:25:02] [Server thread/INFO]: Preparing spawn area: 83%
[20:25:04] [Server thread/INFO]: Preparing spawn area: 84%
[20:25:05] [Server thread/INFO]: Preparing spawn area: 84%
[20:25:06] [Server thread/INFO]: Preparing spawn area: 85%
[20:25:07] [Server thread/INFO]: Preparing spawn area: 85%
[20:25:08] [Server thread/INFO]: Preparing spawn area: 86%
[20:25:09] [Server thread/INFO]: Preparing spawn area: 86%
[20:25:11] [Server thread/INFO]: Preparing spawn area: 87%
[20:25:12] [Server thread/INFO]: Preparing spawn area: 87%
[20:25:14] [Server thread/INFO]: Preparing spawn area: 88%
[20:25:15] [Server thread/INFO]: Preparing spawn area: 88%
[20:25:16] [Server thread/INFO]: Preparing spawn area: 89%
[20:25:17] [Server thread/INFO]: Preparing spawn area: 89%
[20:25:19] [Server thread/INFO]: Preparing spawn area: 90%
[20:25:20] [Server thread/INFO]: Preparing spawn area: 90%
[20:25:21] [Server thread/INFO]: Preparing spawn area: 91%
[20:25:22] [Server thread/INFO]: Preparing spawn area: 91%
[20:25:23] [Server thread/INFO]: Preparing spawn area: 92%
[20:25:24] [Server thread/INFO]: Preparing spawn area: 92%
[20:25:26] [Server thread/INFO]: Preparing spawn area: 93%
[20:25:27] [Server thread/INFO]: Preparing spawn area: 93%
[20:25:28] [Server thread/INFO]: Preparing spawn area: 94%
[20:25:29] [Server thread/INFO]: Preparing spawn area: 94%
[20:25:30] [Server thread/INFO]: Preparing spawn area: 95%
[20:25:31] [Server thread/INFO]: Preparing spawn area: 95%
[20:25:33] [Server thread/INFO]: Preparing spawn area: 96%
[20:25:34] [Server thread/INFO]: Preparing spawn area: 97%
[20:25:36] [Server thread/INFO]: Preparing spawn area: 97%
[20:25:37] [Server thread/INFO]: Preparing spawn area: 98%
[20:25:38] [Server thread/INFO]: Preparing spawn area: 98%
[20:25:39] [Server thread/INFO]: Preparing spawn area: 99%
[20:25:40] [Server thread/INFO]: Preparing spawn area: 99%
[20:25:41] [Server thread/INFO]: Done (517.150s)! For help, type "help" or "?"
[20:26:42] [Server Watchdog/FATAL]: A single server tick took 60.36 seconds (should be max 0.05)
[20:26:42] [Server Watchdog/FATAL]: Considering it to be crashed, server will forcibly shutdown.
[20:26:42] [Server Watchdog/ERROR]: This crash report has been saved to: /var/www/html/emailechiu.github.io/lesson_minecraft/./crash-reports/crash-2016-05-30_20.26.42-server.txt
[20:26:42] [Server Shutdown Thread/INFO]: Stopping server
